[2026-04-15T16:50:39.489+03:00] no cache file found, path: C:\Users\USER\Documents\AutoP2P\desktop\midscene_run\cache\sparkp2p-binance.cache.yaml
[2026-04-15T16:50:39.680+03:00] no unused cache found, type: locate, prompt: the chat messages panel on the right side of the page
[2026-04-15T16:50:44.257+03:00] will append cache {
  type: 'locate',
  prompt: 'the chat messages panel on the right side of the page',
  cache: {
    xpaths: [ '/html/dialog[normalize-space()="🔒SparkP2P Bot Active"]' ]
  }
}
[2026-04-15T16:50:44.260+03:00] cache flushed to file: C:\Users\USER\Documents\AutoP2P\desktop\midscene_run\cache\sparkp2p-binance.cache.yaml
[2026-04-15T16:50:59.034+03:00] cache loaded from file, path: C:\Users\USER\Documents\AutoP2P\desktop\midscene_run\cache\sparkp2p-binance.cache.yaml, cache version: 1.7.3, record length: 1
[2026-04-15T16:50:59.147+03:00] no unused cache found, type: locate, prompt: the narrow rectangular text input bar at the very bottom of the right-side chat panel, below all the chat messages, where it says "Enter message here" or similar placeholder text
[2026-04-15T16:51:03.662+03:00] will append cache {
  type: 'locate',
  prompt: 'the narrow rectangular text input bar at the very bottom of the right-side chat panel, below all the chat messages, where it says "Enter message here" or similar placeholder text',
  cache: { xpaths: [ '/html/dialog[1]' ] }
}
[2026-04-15T16:51:03.663+03:00] cache flushed to file: C:\Users\USER\Documents\AutoP2P\desktop\midscene_run\cache\sparkp2p-binance.cache.yaml
[2026-04-15T16:51:30.208+03:00] no unused cache found, type: locate, prompt: the narrow rectangular text input bar at the very bottom of the right-side chat panel
[2026-04-15T16:51:36.284+03:00] will append cache {
  type: 'locate',
  prompt: 'the narrow rectangular text input bar at the very bottom of the right-side chat panel',
  cache: {
    xpaths: [ '/html/dialog[normalize-space()="🔒SparkP2P Bot Active"]' ]
  }
}
[2026-04-15T16:51:36.286+03:00] cache flushed to file: C:\Users\USER\Documents\AutoP2P\desktop\midscene_run\cache\sparkp2p-binance.cache.yaml
[2026-04-15T16:53:21.695+03:00] cache loaded from file, path: C:\Users\USER\Documents\AutoP2P\desktop\midscene_run\cache\sparkp2p-binance.cache.yaml, cache version: 1.7.3, record length: 3
[2026-04-15T16:53:21.824+03:00] cache found and marked as used, type: locate, prompt: the chat messages panel on the right side of the page, index: 0
[2026-04-15T16:53:21.843+03:00] cache hit, prompt: the chat messages panel on the right side of the page
[2026-04-15T16:56:30.890+03:00] no unused cache found, type: locate, prompt: the photo or image thumbnail inside the chat messages on the right panel — it is a rectangular image sent by the buyer showing a phone screen or payment receipt, located in the middle of the chat conversation area (not a button, not an icon)
[2026-04-15T16:56:34.175+03:00] will append cache {
  type: 'locate',
  prompt: 'the photo or image thumbnail inside the chat messages on the right panel — it is a rectangular image sent by the buyer showing a phone screen or payment receipt, located in the middle of the chat conversation area (not a button, not an icon)',
  cache: {
    xpaths: [ '/html/dialog[normalize-space()="🔒SparkP2P Bot Active"]' ]
  }
}
[2026-04-15T16:56:34.177+03:00] cache flushed to file: C:\Users\USER\Documents\AutoP2P\desktop\midscene_run\cache\sparkp2p-binance.cache.yaml
[2026-04-15T16:57:52.913+03:00] cache loaded from file, path: C:\Users\USER\Documents\AutoP2P\desktop\midscene_run\cache\sparkp2p-binance.cache.yaml, cache version: 1.7.3, record length: 4
[2026-04-15T16:57:53.159+03:00] cache found and marked as used, type: locate, prompt: the narrow rectangular text input bar at the very bottom of the right-side chat panel, below all the chat messages, where it says "Enter message here" or similar placeholder text, index: 1
[2026-04-15T16:57:53.294+03:00] cache hit, prompt: the narrow rectangular text input bar at the very bottom of the right-side chat panel, below all the chat messages, where it says "Enter message here" or similar placeholder text
