[2026-04-15T14:22:02.937+03:00] Getting interface description
[2026-04-15T14:22:02.937+03:00] Interface description end
[2026-04-15T14:22:02.937+03:00] Uploading test info to server
[2026-04-15T14:22:02.937+03:00] UploadTestInfoToServer end
[2026-04-15T14:22:02.937+03:00] will get size
[2026-04-15T14:22:02.941+03:00] size: 1121x838
[2026-04-15T14:22:02.999+03:00] will get screenshot dimensions
[2026-04-15T14:22:03.130+03:00] screenshot dimensions 1121 x 838
[2026-04-15T14:22:03.130+03:00] calculated dpr: 1
[2026-04-15T14:22:03.130+03:00] shrunkShotToLogicalRatio 1
[2026-04-15T14:22:05.321+03:00] Getting interface description
[2026-04-15T14:22:05.321+03:00] Interface description end
[2026-04-15T14:22:05.321+03:00] Uploading test info to server
[2026-04-15T14:22:05.321+03:00] UploadTestInfoToServer end
[2026-04-15T14:22:05.321+03:00] will get size
[2026-04-15T14:22:05.321+03:00] size: 1121x838
[2026-04-15T14:22:05.382+03:00] will get screenshot dimensions
[2026-04-15T14:22:05.427+03:00] screenshot dimensions 1121 x 838
[2026-04-15T14:22:05.427+03:00] calculated dpr: 1
[2026-04-15T14:22:05.427+03:00] shrunkShotToLogicalRatio 1
[2026-04-15T14:22:07.953+03:00] Getting interface description
[2026-04-15T14:22:07.953+03:00] Interface description end
[2026-04-15T14:22:07.953+03:00] Uploading test info to server
[2026-04-15T14:22:07.953+03:00] UploadTestInfoToServer end
[2026-04-15T14:22:07.953+03:00] will get size
[2026-04-15T14:22:07.953+03:00] size: 1121x838
[2026-04-15T14:22:08.012+03:00] will get screenshot dimensions
[2026-04-15T14:22:08.056+03:00] screenshot dimensions 1121 x 838
[2026-04-15T14:22:08.056+03:00] calculated dpr: 1
[2026-04-15T14:22:08.056+03:00] shrunkShotToLogicalRatio 1
[2026-04-15T14:24:26.298+03:00] Getting interface description
[2026-04-15T14:24:26.298+03:00] Interface description end
[2026-04-15T14:24:26.298+03:00] Uploading test info to server
[2026-04-15T14:24:26.298+03:00] UploadTestInfoToServer end
[2026-04-15T14:24:26.298+03:00] will get size
[2026-04-15T14:24:26.304+03:00] size: 1121x838
[2026-04-15T14:24:26.358+03:00] will get screenshot dimensions
[2026-04-15T14:24:26.404+03:00] screenshot dimensions 1121 x 838
[2026-04-15T14:24:26.404+03:00] calculated dpr: 1
[2026-04-15T14:24:26.404+03:00] shrunkShotToLogicalRatio 1
[2026-04-15T14:24:28.972+03:00] Getting interface description
[2026-04-15T14:24:28.972+03:00] Interface description end
[2026-04-15T14:24:28.972+03:00] Uploading test info to server
[2026-04-15T14:24:28.972+03:00] UploadTestInfoToServer end
[2026-04-15T14:24:28.972+03:00] will get size
[2026-04-15T14:24:28.972+03:00] size: 1121x838
[2026-04-15T14:24:29.042+03:00] will get screenshot dimensions
[2026-04-15T14:24:29.089+03:00] screenshot dimensions 1121 x 838
[2026-04-15T14:24:29.089+03:00] calculated dpr: 1
[2026-04-15T14:24:29.089+03:00] shrunkShotToLogicalRatio 1
[2026-04-15T14:24:31.628+03:00] Getting interface description
[2026-04-15T14:24:31.628+03:00] Interface description end
[2026-04-15T14:24:31.628+03:00] Uploading test info to server
[2026-04-15T14:24:31.628+03:00] UploadTestInfoToServer end
[2026-04-15T14:24:31.628+03:00] will get size
[2026-04-15T14:24:31.628+03:00] size: 1121x838
[2026-04-15T14:24:31.714+03:00] will get screenshot dimensions
[2026-04-15T14:24:31.764+03:00] screenshot dimensions 1121 x 838
[2026-04-15T14:24:31.764+03:00] calculated dpr: 1
[2026-04-15T14:24:31.764+03:00] shrunkShotToLogicalRatio 1
[2026-04-15T14:38:06.779+03:00] Getting interface description
[2026-04-15T14:38:06.779+03:00] Interface description end
[2026-04-15T14:38:06.779+03:00] Uploading test info to server
[2026-04-15T14:38:06.779+03:00] UploadTestInfoToServer end
[2026-04-15T14:38:06.780+03:00] will get size
[2026-04-15T14:38:06.786+03:00] size: 1121x806
[2026-04-15T14:38:06.860+03:00] will get screenshot dimensions
[2026-04-15T14:38:06.940+03:00] screenshot dimensions 1121 x 806
[2026-04-15T14:38:06.940+03:00] calculated dpr: 1
[2026-04-15T14:38:06.940+03:00] shrunkShotToLogicalRatio 1
[2026-04-15T14:38:09.075+03:00] Getting interface description
[2026-04-15T14:38:09.075+03:00] Interface description end
[2026-04-15T14:38:09.075+03:00] Uploading test info to server
[2026-04-15T14:38:09.075+03:00] UploadTestInfoToServer end
[2026-04-15T14:38:09.075+03:00] will get size
[2026-04-15T14:38:09.075+03:00] size: 1121x806
[2026-04-15T14:38:09.143+03:00] will get screenshot dimensions
[2026-04-15T14:38:09.190+03:00] screenshot dimensions 1121 x 806
[2026-04-15T14:38:09.190+03:00] calculated dpr: 1
[2026-04-15T14:38:09.190+03:00] shrunkShotToLogicalRatio 1
[2026-04-15T14:38:11.718+03:00] Getting interface description
[2026-04-15T14:38:11.718+03:00] Interface description end
[2026-04-15T14:38:11.718+03:00] Uploading test info to server
[2026-04-15T14:38:11.718+03:00] UploadTestInfoToServer end
[2026-04-15T14:38:11.718+03:00] will get size
[2026-04-15T14:38:11.718+03:00] size: 1121x806
[2026-04-15T14:38:11.781+03:00] will get screenshot dimensions
[2026-04-15T14:38:11.823+03:00] screenshot dimensions 1121 x 806
[2026-04-15T14:38:11.823+03:00] calculated dpr: 1
[2026-04-15T14:38:11.823+03:00] shrunkShotToLogicalRatio 1
[2026-04-15T14:41:37.376+03:00] Getting interface description
[2026-04-15T14:41:37.376+03:00] Interface description end
[2026-04-15T14:41:37.376+03:00] Uploading test info to server
[2026-04-15T14:41:37.376+03:00] UploadTestInfoToServer end
[2026-04-15T14:41:37.376+03:00] will get size
[2026-04-15T14:41:37.377+03:00] size: 1121x806
[2026-04-15T14:41:37.434+03:00] will get screenshot dimensions
[2026-04-15T14:41:37.479+03:00] screenshot dimensions 1121 x 806
[2026-04-15T14:41:37.479+03:00] calculated dpr: 1
[2026-04-15T14:41:37.479+03:00] shrunkShotToLogicalRatio 1
[2026-04-15T14:41:41.239+03:00] Getting interface description
[2026-04-15T14:41:41.239+03:00] Interface description end
[2026-04-15T14:41:41.239+03:00] Uploading test info to server
[2026-04-15T14:41:41.239+03:00] UploadTestInfoToServer end
[2026-04-15T14:41:41.239+03:00] will get size
[2026-04-15T14:41:41.239+03:00] size: 1121x806
[2026-04-15T14:41:41.305+03:00] will get screenshot dimensions
[2026-04-15T14:41:41.350+03:00] screenshot dimensions 1121 x 806
[2026-04-15T14:41:41.350+03:00] calculated dpr: 1
[2026-04-15T14:41:41.350+03:00] shrunkShotToLogicalRatio 1
[2026-04-15T14:41:43.877+03:00] Getting interface description
[2026-04-15T14:41:43.877+03:00] Interface description end
[2026-04-15T14:41:43.877+03:00] Uploading test info to server
[2026-04-15T14:41:43.877+03:00] UploadTestInfoToServer end
[2026-04-15T14:41:43.877+03:00] will get size
[2026-04-15T14:41:43.877+03:00] size: 1121x806
[2026-04-15T14:41:43.936+03:00] will get screenshot dimensions
[2026-04-15T14:41:43.978+03:00] screenshot dimensions 1121 x 806
[2026-04-15T14:41:43.978+03:00] calculated dpr: 1
[2026-04-15T14:41:43.978+03:00] shrunkShotToLogicalRatio 1
[2026-04-15T14:52:12.900+03:00] Getting interface description
[2026-04-15T14:52:12.900+03:00] Interface description end
[2026-04-15T14:52:12.900+03:00] Uploading test info to server
[2026-04-15T14:52:12.900+03:00] UploadTestInfoToServer end
[2026-04-15T14:52:12.900+03:00] will get size
[2026-04-15T14:52:12.929+03:00] size: 1025x806
[2026-04-15T14:52:12.984+03:00] will get screenshot dimensions
[2026-04-15T14:52:13.063+03:00] screenshot dimensions 1025 x 806
[2026-04-15T14:52:13.063+03:00] calculated dpr: 1
[2026-04-15T14:52:13.063+03:00] shrunkShotToLogicalRatio 1
[2026-04-15T14:52:15.063+03:00] Getting interface description
[2026-04-15T14:52:15.063+03:00] Interface description end
[2026-04-15T14:52:15.063+03:00] Uploading test info to server
[2026-04-15T14:52:15.063+03:00] UploadTestInfoToServer end
[2026-04-15T14:52:15.063+03:00] will get size
[2026-04-15T14:52:15.063+03:00] size: 1025x806
[2026-04-15T14:52:15.120+03:00] will get screenshot dimensions
[2026-04-15T14:52:15.163+03:00] screenshot dimensions 1025 x 806
[2026-04-15T14:52:15.163+03:00] calculated dpr: 1
[2026-04-15T14:52:15.163+03:00] shrunkShotToLogicalRatio 1
[2026-04-15T14:52:17.696+03:00] Getting interface description
[2026-04-15T14:52:17.696+03:00] Interface description end
[2026-04-15T14:52:17.696+03:00] Uploading test info to server
[2026-04-15T14:52:17.696+03:00] UploadTestInfoToServer end
[2026-04-15T14:52:17.696+03:00] will get size
[2026-04-15T14:52:17.696+03:00] size: 1025x806
[2026-04-15T14:52:17.754+03:00] will get screenshot dimensions
[2026-04-15T14:52:17.794+03:00] screenshot dimensions 1025 x 806
[2026-04-15T14:52:17.794+03:00] calculated dpr: 1
[2026-04-15T14:52:17.794+03:00] shrunkShotToLogicalRatio 1
[2026-04-15T14:52:19.353+03:00] Getting interface description
[2026-04-15T14:52:19.353+03:00] Interface description end
[2026-04-15T14:52:19.353+03:00] Uploading test info to server
[2026-04-15T14:52:19.353+03:00] UploadTestInfoToServer end
[2026-04-15T14:52:19.353+03:00] will get size
[2026-04-15T14:52:19.353+03:00] size: 1025x806
[2026-04-15T14:52:19.404+03:00] will get screenshot dimensions
[2026-04-15T14:52:19.445+03:00] screenshot dimensions 1025 x 806
[2026-04-15T14:52:19.445+03:00] calculated dpr: 1
[2026-04-15T14:52:19.445+03:00] shrunkShotToLogicalRatio 1
[2026-04-15T14:54:29.958+03:00] Getting interface description
[2026-04-15T14:54:29.958+03:00] Interface description end
[2026-04-15T14:54:29.958+03:00] Uploading test info to server
[2026-04-15T14:54:29.958+03:00] UploadTestInfoToServer end
[2026-04-15T14:54:29.958+03:00] will get size
[2026-04-15T14:54:29.959+03:00] size: 1025x806
[2026-04-15T14:54:30.019+03:00] will get screenshot dimensions
[2026-04-15T14:54:30.060+03:00] screenshot dimensions 1025 x 806
[2026-04-15T14:54:30.060+03:00] calculated dpr: 1
[2026-04-15T14:54:30.060+03:00] shrunkShotToLogicalRatio 1
[2026-04-15T14:54:32.070+03:00] Getting interface description
[2026-04-15T14:54:32.070+03:00] Interface description end
[2026-04-15T14:54:32.070+03:00] Uploading test info to server
[2026-04-15T14:54:32.070+03:00] UploadTestInfoToServer end
[2026-04-15T14:54:32.070+03:00] will get size
[2026-04-15T14:54:32.070+03:00] size: 1025x806
[2026-04-15T14:54:32.133+03:00] will get screenshot dimensions
[2026-04-15T14:54:32.175+03:00] screenshot dimensions 1025 x 806
[2026-04-15T14:54:32.175+03:00] calculated dpr: 1
[2026-04-15T14:54:32.175+03:00] shrunkShotToLogicalRatio 1
[2026-04-15T14:54:34.727+03:00] Getting interface description
[2026-04-15T14:54:34.727+03:00] Interface description end
[2026-04-15T14:54:34.727+03:00] Uploading test info to server
[2026-04-15T14:54:34.727+03:00] UploadTestInfoToServer end
[2026-04-15T14:54:34.727+03:00] will get size
[2026-04-15T14:54:34.727+03:00] size: 1025x806
[2026-04-15T14:54:34.785+03:00] will get screenshot dimensions
[2026-04-15T14:54:34.826+03:00] screenshot dimensions 1025 x 806
[2026-04-15T14:54:34.826+03:00] calculated dpr: 1
[2026-04-15T14:54:34.826+03:00] shrunkShotToLogicalRatio 1
[2026-04-15T14:54:36.369+03:00] Getting interface description
[2026-04-15T14:54:36.369+03:00] Interface description end
[2026-04-15T14:54:36.369+03:00] Uploading test info to server
[2026-04-15T14:54:36.369+03:00] UploadTestInfoToServer end
[2026-04-15T14:54:36.369+03:00] will get size
[2026-04-15T14:54:36.369+03:00] size: 1025x806
[2026-04-15T14:54:36.432+03:00] will get screenshot dimensions
[2026-04-15T14:54:36.476+03:00] screenshot dimensions 1025 x 806
[2026-04-15T14:54:36.476+03:00] calculated dpr: 1
[2026-04-15T14:54:36.476+03:00] shrunkShotToLogicalRatio 1
[2026-04-15T14:54:38.445+03:00] Getting interface description
[2026-04-15T14:54:38.445+03:00] Interface description end
[2026-04-15T14:54:38.445+03:00] Uploading test info to server
[2026-04-15T14:54:38.445+03:00] UploadTestInfoToServer end
[2026-04-15T14:54:38.445+03:00] will get size
[2026-04-15T14:54:38.445+03:00] size: 1025x806
[2026-04-15T14:54:38.496+03:00] will get screenshot dimensions
[2026-04-15T14:54:38.540+03:00] screenshot dimensions 1025 x 806
[2026-04-15T14:54:38.540+03:00] calculated dpr: 1
[2026-04-15T14:54:38.540+03:00] shrunkShotToLogicalRatio 1
[2026-04-15T14:54:41.081+03:00] Getting interface description
[2026-04-15T14:54:41.081+03:00] Interface description end
[2026-04-15T14:54:41.081+03:00] Uploading test info to server
[2026-04-15T14:54:41.081+03:00] UploadTestInfoToServer end
[2026-04-15T14:54:41.081+03:00] will get size
[2026-04-15T14:54:41.081+03:00] size: 1025x806
[2026-04-15T14:54:41.135+03:00] will get screenshot dimensions
[2026-04-15T14:54:41.175+03:00] screenshot dimensions 1025 x 806
[2026-04-15T14:54:41.175+03:00] calculated dpr: 1
[2026-04-15T14:54:41.175+03:00] shrunkShotToLogicalRatio 1
[2026-04-15T15:27:04.602+03:00] Getting interface description
[2026-04-15T15:27:04.602+03:00] Interface description end
[2026-04-15T15:27:04.602+03:00] Uploading test info to server
[2026-04-15T15:27:04.602+03:00] UploadTestInfoToServer end
[2026-04-15T15:27:04.602+03:00] will get size
[2026-04-15T15:27:04.618+03:00] size: 1025x806
[2026-04-15T15:27:05.089+03:00] will get screenshot dimensions
[2026-04-15T15:27:05.188+03:00] screenshot dimensions 1025 x 806
[2026-04-15T15:27:05.188+03:00] calculated dpr: 1
[2026-04-15T15:27:05.188+03:00] shrunkShotToLogicalRatio 1
[2026-04-15T15:29:04.098+03:00] Getting interface description
[2026-04-15T15:29:04.098+03:00] Interface description end
[2026-04-15T15:29:04.098+03:00] Uploading test info to server
[2026-04-15T15:29:04.098+03:00] UploadTestInfoToServer end
[2026-04-15T15:29:04.098+03:00] will get size
[2026-04-15T15:29:04.100+03:00] size: 1025x806
[2026-04-15T15:29:04.147+03:00] will get screenshot dimensions
[2026-04-15T15:29:04.190+03:00] screenshot dimensions 1025 x 806
[2026-04-15T15:29:04.190+03:00] calculated dpr: 1
[2026-04-15T15:29:04.190+03:00] shrunkShotToLogicalRatio 1
[2026-04-15T15:31:16.584+03:00] Getting interface description
[2026-04-15T15:31:16.584+03:00] Interface description end
[2026-04-15T15:31:16.585+03:00] Uploading test info to server
[2026-04-15T15:31:16.585+03:00] UploadTestInfoToServer end
[2026-04-15T15:31:16.585+03:00] will get size
[2026-04-15T15:31:16.586+03:00] size: 1025x806
[2026-04-15T15:31:16.668+03:00] will get screenshot dimensions
[2026-04-15T15:31:16.713+03:00] screenshot dimensions 1025 x 806
[2026-04-15T15:31:16.714+03:00] calculated dpr: 1
[2026-04-15T15:31:16.714+03:00] shrunkShotToLogicalRatio 1
[2026-04-15T15:57:03.623+03:00] Getting interface description
[2026-04-15T15:57:03.623+03:00] Interface description end
[2026-04-15T15:57:03.623+03:00] Uploading test info to server
[2026-04-15T15:57:03.623+03:00] UploadTestInfoToServer end
[2026-04-15T15:57:03.623+03:00] will get size
[2026-04-15T15:57:03.632+03:00] size: 1295x993
[2026-04-15T15:57:03.692+03:00] will get screenshot dimensions
[2026-04-15T15:57:03.822+03:00] screenshot dimensions 1036 x 795
[2026-04-15T15:57:03.822+03:00] calculated dpr: 0.8
[2026-04-15T15:57:03.822+03:00] shrunkShotToLogicalRatio 0.8
[2026-04-15T15:57:04.340+03:00] Getting interface description
[2026-04-15T15:57:04.340+03:00] Interface description end
[2026-04-15T15:57:04.340+03:00] Uploading test info to server
[2026-04-15T15:57:04.341+03:00] UploadTestInfoToServer end
[2026-04-15T15:57:04.341+03:00] will get size
[2026-04-15T15:57:04.341+03:00] size: 1295x993
[2026-04-15T15:57:04.396+03:00] will get screenshot dimensions
[2026-04-15T15:57:04.437+03:00] screenshot dimensions 1036 x 795
[2026-04-15T15:57:04.437+03:00] calculated dpr: 0.8
[2026-04-15T15:57:04.437+03:00] shrunkShotToLogicalRatio 0.8
[2026-04-15T15:57:08.364+03:00] Getting interface description
[2026-04-15T15:57:08.364+03:00] Interface description end
[2026-04-15T15:57:08.364+03:00] Uploading test info to server
[2026-04-15T15:57:08.364+03:00] UploadTestInfoToServer end
[2026-04-15T15:57:08.364+03:00] will get size
[2026-04-15T15:57:08.364+03:00] size: 1295x993
[2026-04-15T15:57:08.419+03:00] will get screenshot dimensions
[2026-04-15T15:57:08.457+03:00] screenshot dimensions 1036 x 795
[2026-04-15T15:57:08.458+03:00] calculated dpr: 0.8
[2026-04-15T15:57:08.458+03:00] shrunkShotToLogicalRatio 0.8
[2026-04-15T15:57:08.464+03:00] Getting interface description
[2026-04-15T15:57:08.464+03:00] Interface description end
[2026-04-15T15:57:08.464+03:00] Uploading test info to server
[2026-04-15T15:57:08.464+03:00] UploadTestInfoToServer end
[2026-04-15T15:57:08.464+03:00] will get size
[2026-04-15T15:57:08.465+03:00] size: 1295x993
[2026-04-15T15:57:08.529+03:00] will get screenshot dimensions
[2026-04-15T15:57:08.569+03:00] screenshot dimensions 1036 x 795
[2026-04-15T15:57:08.569+03:00] calculated dpr: 0.8
[2026-04-15T15:57:08.569+03:00] shrunkShotToLogicalRatio 0.8
[2026-04-15T15:57:11.555+03:00] Getting interface description
[2026-04-15T15:57:11.555+03:00] Interface description end
[2026-04-15T15:57:11.555+03:00] Uploading test info to server
[2026-04-15T15:57:11.555+03:00] UploadTestInfoToServer end
[2026-04-15T15:57:11.555+03:00] will get size
[2026-04-15T15:57:11.555+03:00] size: 1295x993
[2026-04-15T15:57:11.605+03:00] will get screenshot dimensions
[2026-04-15T15:57:11.645+03:00] screenshot dimensions 1036 x 795
[2026-04-15T15:57:11.645+03:00] calculated dpr: 0.8
[2026-04-15T15:57:11.645+03:00] shrunkShotToLogicalRatio 0.8
[2026-04-15T15:57:14.185+03:00] Getting interface description
[2026-04-15T15:57:14.185+03:00] Interface description end
[2026-04-15T15:57:14.185+03:00] Uploading test info to server
[2026-04-15T15:57:14.186+03:00] UploadTestInfoToServer end
[2026-04-15T15:57:14.186+03:00] will get size
[2026-04-15T15:57:14.186+03:00] size: 1295x993
[2026-04-15T15:57:14.244+03:00] will get screenshot dimensions
[2026-04-15T15:57:14.282+03:00] screenshot dimensions 1036 x 795
[2026-04-15T15:57:14.282+03:00] calculated dpr: 0.8
[2026-04-15T15:57:14.282+03:00] shrunkShotToLogicalRatio 0.8
[2026-04-15T15:58:07.502+03:00] Getting interface description
[2026-04-15T15:58:07.502+03:00] Interface description end
[2026-04-15T15:58:07.502+03:00] Uploading test info to server
[2026-04-15T15:58:07.502+03:00] UploadTestInfoToServer end
[2026-04-15T15:58:07.502+03:00] will get size
[2026-04-15T15:58:07.504+03:00] size: 1295x993
[2026-04-15T15:58:07.562+03:00] will get screenshot dimensions
[2026-04-15T15:58:07.602+03:00] screenshot dimensions 1036 x 795
[2026-04-15T15:58:07.602+03:00] calculated dpr: 0.8
[2026-04-15T15:58:07.602+03:00] shrunkShotToLogicalRatio 0.8
[2026-04-15T16:50:39.548+03:00] Getting interface description
[2026-04-15T16:50:39.548+03:00] Interface description end
[2026-04-15T16:50:39.548+03:00] Uploading test info to server
[2026-04-15T16:50:39.548+03:00] UploadTestInfoToServer end
[2026-04-15T16:50:39.548+03:00] will get size
[2026-04-15T16:50:39.555+03:00] size: 1295x993
[2026-04-15T16:50:39.604+03:00] will get screenshot dimensions
[2026-04-15T16:50:39.679+03:00] screenshot dimensions 1036 x 795
[2026-04-15T16:50:39.679+03:00] calculated dpr: 0.8
[2026-04-15T16:50:39.679+03:00] shrunkShotToLogicalRatio 0.8
[2026-04-15T16:50:44.263+03:00] Getting interface description
[2026-04-15T16:50:44.263+03:00] Interface description end
[2026-04-15T16:50:44.263+03:00] Uploading test info to server
[2026-04-15T16:50:44.263+03:00] UploadTestInfoToServer end
[2026-04-15T16:50:44.263+03:00] will get size
[2026-04-15T16:50:44.263+03:00] size: 1295x993
[2026-04-15T16:50:44.313+03:00] will get screenshot dimensions
[2026-04-15T16:50:44.354+03:00] screenshot dimensions 1036 x 795
[2026-04-15T16:50:44.354+03:00] calculated dpr: 0.8
[2026-04-15T16:50:44.354+03:00] shrunkShotToLogicalRatio 0.8
[2026-04-15T16:50:46.897+03:00] Getting interface description
[2026-04-15T16:50:46.897+03:00] Interface description end
[2026-04-15T16:50:46.897+03:00] Uploading test info to server
[2026-04-15T16:50:46.897+03:00] UploadTestInfoToServer end
[2026-04-15T16:50:46.897+03:00] will get size
[2026-04-15T16:50:46.897+03:00] size: 1295x993
[2026-04-15T16:50:46.952+03:00] will get screenshot dimensions
[2026-04-15T16:50:46.992+03:00] screenshot dimensions 1036 x 795
[2026-04-15T16:50:46.992+03:00] calculated dpr: 0.8
[2026-04-15T16:50:46.992+03:00] shrunkShotToLogicalRatio 0.8
[2026-04-15T16:50:47.511+03:00] Getting interface description
[2026-04-15T16:50:47.511+03:00] Interface description end
[2026-04-15T16:50:47.511+03:00] Uploading test info to server
[2026-04-15T16:50:47.511+03:00] UploadTestInfoToServer end
[2026-04-15T16:50:47.511+03:00] will get size
[2026-04-15T16:50:47.511+03:00] size: 1295x993
[2026-04-15T16:50:47.568+03:00] will get screenshot dimensions
[2026-04-15T16:50:47.607+03:00] screenshot dimensions 1036 x 795
[2026-04-15T16:50:47.607+03:00] calculated dpr: 0.8
[2026-04-15T16:50:47.607+03:00] shrunkShotToLogicalRatio 0.8
[2026-04-15T16:50:51.108+03:00] Getting interface description
[2026-04-15T16:50:51.108+03:00] Interface description end
[2026-04-15T16:50:51.108+03:00] Uploading test info to server
[2026-04-15T16:50:51.108+03:00] UploadTestInfoToServer end
[2026-04-15T16:50:51.108+03:00] will get size
[2026-04-15T16:50:51.108+03:00] size: 1295x993
[2026-04-15T16:50:51.164+03:00] will get screenshot dimensions
[2026-04-15T16:50:51.204+03:00] screenshot dimensions 1036 x 795
[2026-04-15T16:50:51.204+03:00] calculated dpr: 0.8
[2026-04-15T16:50:51.204+03:00] shrunkShotToLogicalRatio 0.8
[2026-04-15T16:50:59.046+03:00] Getting interface description
[2026-04-15T16:50:59.046+03:00] Interface description end
[2026-04-15T16:50:59.046+03:00] Uploading test info to server
[2026-04-15T16:50:59.046+03:00] UploadTestInfoToServer end
[2026-04-15T16:50:59.046+03:00] will get size
[2026-04-15T16:50:59.047+03:00] size: 1295x993
[2026-04-15T16:50:59.105+03:00] will get screenshot dimensions
[2026-04-15T16:50:59.145+03:00] screenshot dimensions 1036 x 795
[2026-04-15T16:50:59.145+03:00] calculated dpr: 0.8
[2026-04-15T16:50:59.145+03:00] shrunkShotToLogicalRatio 0.8
[2026-04-15T16:51:03.664+03:00] Getting interface description
[2026-04-15T16:51:03.664+03:00] Interface description end
[2026-04-15T16:51:03.665+03:00] Uploading test info to server
[2026-04-15T16:51:03.665+03:00] UploadTestInfoToServer end
[2026-04-15T16:51:03.665+03:00] will get size
[2026-04-15T16:51:03.665+03:00] size: 1295x993
[2026-04-15T16:51:03.722+03:00] will get screenshot dimensions
[2026-04-15T16:51:03.761+03:00] screenshot dimensions 1036 x 795
[2026-04-15T16:51:03.761+03:00] calculated dpr: 0.8
[2026-04-15T16:51:03.761+03:00] shrunkShotToLogicalRatio 0.8
[2026-04-15T16:51:29.506+03:00] Getting interface description
[2026-04-15T16:51:29.506+03:00] Interface description end
[2026-04-15T16:51:29.506+03:00] Uploading test info to server
[2026-04-15T16:51:29.506+03:00] UploadTestInfoToServer end
[2026-04-15T16:51:29.506+03:00] will get size
[2026-04-15T16:51:29.506+03:00] size: 1295x993
[2026-04-15T16:51:29.565+03:00] will get screenshot dimensions
[2026-04-15T16:51:29.604+03:00] screenshot dimensions 1036 x 795
[2026-04-15T16:51:29.604+03:00] calculated dpr: 0.8
[2026-04-15T16:51:29.604+03:00] shrunkShotToLogicalRatio 0.8
[2026-04-15T16:51:30.112+03:00] Getting interface description
[2026-04-15T16:51:30.112+03:00] Interface description end
[2026-04-15T16:51:30.112+03:00] Uploading test info to server
[2026-04-15T16:51:30.112+03:00] UploadTestInfoToServer end
[2026-04-15T16:51:30.112+03:00] will get size
[2026-04-15T16:51:30.112+03:00] size: 1295x993
[2026-04-15T16:51:30.167+03:00] will get screenshot dimensions
[2026-04-15T16:51:30.207+03:00] screenshot dimensions 1036 x 795
[2026-04-15T16:51:30.207+03:00] calculated dpr: 0.8
[2026-04-15T16:51:30.208+03:00] shrunkShotToLogicalRatio 0.8
[2026-04-15T16:51:36.288+03:00] Getting interface description
[2026-04-15T16:51:36.288+03:00] Interface description end
[2026-04-15T16:51:36.288+03:00] Uploading test info to server
[2026-04-15T16:51:36.288+03:00] UploadTestInfoToServer end
[2026-04-15T16:51:36.288+03:00] will get size
[2026-04-15T16:51:36.288+03:00] size: 1295x993
[2026-04-15T16:51:36.359+03:00] will get screenshot dimensions
[2026-04-15T16:51:36.400+03:00] screenshot dimensions 1036 x 795
[2026-04-15T16:51:36.401+03:00] calculated dpr: 0.8
[2026-04-15T16:51:36.401+03:00] shrunkShotToLogicalRatio 0.8
[2026-04-15T16:51:38.927+03:00] Getting interface description
[2026-04-15T16:51:38.927+03:00] Interface description end
[2026-04-15T16:51:38.927+03:00] Uploading test info to server
[2026-04-15T16:51:38.927+03:00] UploadTestInfoToServer end
[2026-04-15T16:51:38.927+03:00] will get size
[2026-04-15T16:51:38.927+03:00] size: 1295x993
[2026-04-15T16:51:39.018+03:00] will get screenshot dimensions
[2026-04-15T16:51:39.059+03:00] screenshot dimensions 1036 x 795
[2026-04-15T16:51:39.059+03:00] calculated dpr: 0.8
[2026-04-15T16:51:39.059+03:00] shrunkShotToLogicalRatio 0.8
[2026-04-15T16:53:21.706+03:00] Getting interface description
[2026-04-15T16:53:21.706+03:00] Interface description end
[2026-04-15T16:53:21.706+03:00] Uploading test info to server
[2026-04-15T16:53:21.706+03:00] UploadTestInfoToServer end
[2026-04-15T16:53:21.706+03:00] will get size
[2026-04-15T16:53:21.708+03:00] size: 1295x993
[2026-04-15T16:53:21.784+03:00] will get screenshot dimensions
[2026-04-15T16:53:21.824+03:00] screenshot dimensions 1036 x 795
[2026-04-15T16:53:21.824+03:00] calculated dpr: 0.8
[2026-04-15T16:53:21.824+03:00] shrunkShotToLogicalRatio 0.8
[2026-04-15T16:56:27.584+03:00] Getting interface description
[2026-04-15T16:56:27.584+03:00] Interface description end
[2026-04-15T16:56:27.584+03:00] Uploading test info to server
[2026-04-15T16:56:27.584+03:00] UploadTestInfoToServer end
[2026-04-15T16:56:27.584+03:00] will get size
[2026-04-15T16:56:27.584+03:00] size: 1295x993
[2026-04-15T16:56:27.666+03:00] will get screenshot dimensions
[2026-04-15T16:56:27.706+03:00] screenshot dimensions 1036 x 795
[2026-04-15T16:56:27.706+03:00] calculated dpr: 0.8
[2026-04-15T16:56:27.706+03:00] shrunkShotToLogicalRatio 0.8
[2026-04-15T16:56:30.654+03:00] Getting interface description
[2026-04-15T16:56:30.654+03:00] Interface description end
[2026-04-15T16:56:30.654+03:00] Uploading test info to server
[2026-04-15T16:56:30.654+03:00] UploadTestInfoToServer end
[2026-04-15T16:56:30.654+03:00] will get size
[2026-04-15T16:56:30.654+03:00] size: 1295x993
[2026-04-15T16:56:30.731+03:00] will get screenshot dimensions
[2026-04-15T16:56:30.770+03:00] screenshot dimensions 1036 x 795
[2026-04-15T16:56:30.770+03:00] calculated dpr: 0.8
[2026-04-15T16:56:30.770+03:00] shrunkShotToLogicalRatio 0.8
[2026-04-15T16:56:30.775+03:00] Getting interface description
[2026-04-15T16:56:30.776+03:00] Interface description end
[2026-04-15T16:56:30.776+03:00] Uploading test info to server
[2026-04-15T16:56:30.776+03:00] UploadTestInfoToServer end
[2026-04-15T16:56:30.776+03:00] will get size
[2026-04-15T16:56:30.776+03:00] size: 1295x993
[2026-04-15T16:56:30.841+03:00] will get screenshot dimensions
[2026-04-15T16:56:30.890+03:00] screenshot dimensions 1036 x 795
[2026-04-15T16:56:30.890+03:00] calculated dpr: 0.8
[2026-04-15T16:56:30.890+03:00] shrunkShotToLogicalRatio 0.8
[2026-04-15T16:56:34.180+03:00] Getting interface description
[2026-04-15T16:56:34.180+03:00] Interface description end
[2026-04-15T16:56:34.180+03:00] Uploading test info to server
[2026-04-15T16:56:34.180+03:00] UploadTestInfoToServer end
[2026-04-15T16:56:34.180+03:00] will get size
[2026-04-15T16:56:34.180+03:00] size: 1295x993
[2026-04-15T16:56:34.265+03:00] will get screenshot dimensions
[2026-04-15T16:56:34.306+03:00] screenshot dimensions 1036 x 795
[2026-04-15T16:56:34.306+03:00] calculated dpr: 0.8
[2026-04-15T16:56:34.306+03:00] shrunkShotToLogicalRatio 0.8
[2026-04-15T16:56:41.851+03:00] Getting interface description
[2026-04-15T16:56:41.851+03:00] Interface description end
[2026-04-15T16:56:41.851+03:00] Uploading test info to server
[2026-04-15T16:56:41.851+03:00] UploadTestInfoToServer end
[2026-04-15T16:56:41.851+03:00] will get size
[2026-04-15T16:56:41.851+03:00] size: 1295x993
[2026-04-15T16:56:41.931+03:00] will get screenshot dimensions
[2026-04-15T16:56:41.972+03:00] screenshot dimensions 1036 x 795
[2026-04-15T16:56:41.972+03:00] calculated dpr: 0.8
[2026-04-15T16:56:41.972+03:00] shrunkShotToLogicalRatio 0.8
[2026-04-15T16:57:52.925+03:00] Getting interface description
[2026-04-15T16:57:52.925+03:00] Interface description end
[2026-04-15T16:57:52.925+03:00] Uploading test info to server
[2026-04-15T16:57:52.925+03:00] UploadTestInfoToServer end
[2026-04-15T16:57:52.925+03:00] will get size
[2026-04-15T16:57:52.927+03:00] size: 1295x993
[2026-04-15T16:57:53.116+03:00] will get screenshot dimensions
[2026-04-15T16:57:53.159+03:00] screenshot dimensions 1036 x 795
[2026-04-15T16:57:53.159+03:00] calculated dpr: 0.8
[2026-04-15T16:57:53.159+03:00] shrunkShotToLogicalRatio 0.8
