[2026-04-15T14:22:02.937+03:00] evaluate function begin
[2026-04-15T14:22:02.941+03:00] evaluate function end
[2026-04-15T14:22:02.941+03:00] screenshotBase64 begin
[2026-04-15T14:22:02.999+03:00] screenshotBase64 end, cost: 58ms
[2026-04-15T14:22:05.321+03:00] screenshotBase64 begin
[2026-04-15T14:22:05.382+03:00] screenshotBase64 end, cost: 61ms
[2026-04-15T14:22:05.634+03:00] mouse move to 980, 550
[2026-04-15T14:22:05.636+03:00] mouse click 980, 550, left, 1
[2026-04-15T14:22:05.946+03:00] waitForNavigation begin at moment afterInvokeAction with timeout: 5000 and actionName: Tap
[2026-04-15T14:22:05.948+03:00] waitForNetworkIdle begin at moment afterInvokeAction with timeout: 2000 and concurrency: 2 and actionName: Tap
[2026-04-15T14:22:05.962+03:00] waitForNavigation end
[2026-04-15T14:22:07.953+03:00] waitForNetworkIdle end
[2026-04-15T14:22:07.953+03:00] screenshotBase64 begin
[2026-04-15T14:22:08.012+03:00] screenshotBase64 end, cost: 59ms
[2026-04-15T14:24:26.298+03:00] evaluate function begin
[2026-04-15T14:24:26.304+03:00] evaluate function end
[2026-04-15T14:24:26.304+03:00] screenshotBase64 begin
[2026-04-15T14:24:26.358+03:00] screenshotBase64 end, cost: 54ms
[2026-04-15T14:24:28.972+03:00] screenshotBase64 begin
[2026-04-15T14:24:29.042+03:00] screenshotBase64 end, cost: 70ms
[2026-04-15T14:24:29.295+03:00] mouse move to 980, 550
[2026-04-15T14:24:29.296+03:00] mouse click 980, 550, left, 1
[2026-04-15T14:24:29.613+03:00] waitForNavigation begin at moment afterInvokeAction with timeout: 5000 and actionName: Tap
[2026-04-15T14:24:29.614+03:00] waitForNetworkIdle begin at moment afterInvokeAction with timeout: 2000 and concurrency: 2 and actionName: Tap
[2026-04-15T14:24:29.775+03:00] waitForNavigation end
[2026-04-15T14:24:31.627+03:00] waitForNetworkIdle end
[2026-04-15T14:24:31.628+03:00] screenshotBase64 begin
[2026-04-15T14:24:31.714+03:00] screenshotBase64 end, cost: 86ms
[2026-04-15T14:38:06.780+03:00] evaluate function begin
[2026-04-15T14:38:06.785+03:00] evaluate function end
[2026-04-15T14:38:06.786+03:00] screenshotBase64 begin
[2026-04-15T14:38:06.860+03:00] screenshotBase64 end, cost: 74ms
[2026-04-15T14:38:09.075+03:00] screenshotBase64 begin
[2026-04-15T14:38:09.143+03:00] screenshotBase64 end, cost: 68ms
[2026-04-15T14:38:09.401+03:00] mouse move to 981, 529
[2026-04-15T14:38:09.403+03:00] mouse click 981, 529, left, 1
[2026-04-15T14:38:09.713+03:00] waitForNavigation begin at moment afterInvokeAction with timeout: 5000 and actionName: Tap
[2026-04-15T14:38:09.714+03:00] waitForNetworkIdle begin at moment afterInvokeAction with timeout: 2000 and concurrency: 2 and actionName: Tap
[2026-04-15T14:38:09.730+03:00] waitForNavigation end
[2026-04-15T14:38:11.718+03:00] waitForNetworkIdle end
[2026-04-15T14:38:11.718+03:00] screenshotBase64 begin
[2026-04-15T14:38:11.781+03:00] screenshotBase64 end, cost: 63ms
[2026-04-15T14:41:37.376+03:00] evaluate function begin
[2026-04-15T14:41:37.377+03:00] evaluate function end
[2026-04-15T14:41:37.377+03:00] screenshotBase64 begin
[2026-04-15T14:41:37.434+03:00] screenshotBase64 end, cost: 57ms
[2026-04-15T14:41:41.239+03:00] screenshotBase64 begin
[2026-04-15T14:41:41.305+03:00] screenshotBase64 end, cost: 66ms
[2026-04-15T14:41:41.553+03:00] mouse move to 980, 529
[2026-04-15T14:41:41.555+03:00] mouse click 980, 529, left, 1
[2026-04-15T14:41:41.862+03:00] waitForNavigation begin at moment afterInvokeAction with timeout: 5000 and actionName: Tap
[2026-04-15T14:41:41.863+03:00] waitForNetworkIdle begin at moment afterInvokeAction with timeout: 2000 and concurrency: 2 and actionName: Tap
[2026-04-15T14:41:41.876+03:00] waitForNavigation end
[2026-04-15T14:41:43.876+03:00] waitForNetworkIdle end
[2026-04-15T14:41:43.877+03:00] screenshotBase64 begin
[2026-04-15T14:41:43.936+03:00] screenshotBase64 end, cost: 59ms
[2026-04-15T14:52:12.901+03:00] evaluate function begin
[2026-04-15T14:52:12.929+03:00] evaluate function end
[2026-04-15T14:52:12.930+03:00] screenshotBase64 begin
[2026-04-15T14:52:12.984+03:00] screenshotBase64 end, cost: 54ms
[2026-04-15T14:52:15.063+03:00] screenshotBase64 begin
[2026-04-15T14:52:15.120+03:00] screenshotBase64 end, cost: 57ms
[2026-04-15T14:52:15.376+03:00] mouse move to 863, 529
[2026-04-15T14:52:15.378+03:00] mouse click 863, 529, left, 1
[2026-04-15T14:52:15.685+03:00] waitForNavigation begin at moment afterInvokeAction with timeout: 5000 and actionName: Tap
[2026-04-15T14:52:15.687+03:00] waitForNetworkIdle begin at moment afterInvokeAction with timeout: 2000 and concurrency: 2 and actionName: Tap
[2026-04-15T14:52:15.702+03:00] waitForNavigation end
[2026-04-15T14:52:17.696+03:00] waitForNetworkIdle end
[2026-04-15T14:52:17.696+03:00] screenshotBase64 begin
[2026-04-15T14:52:17.754+03:00] screenshotBase64 end, cost: 58ms
[2026-04-15T14:52:19.353+03:00] screenshotBase64 begin
[2026-04-15T14:52:19.404+03:00] screenshotBase64 end, cost: 51ms
[2026-04-15T14:54:29.958+03:00] evaluate function begin
[2026-04-15T14:54:29.959+03:00] evaluate function end
[2026-04-15T14:54:29.959+03:00] screenshotBase64 begin
[2026-04-15T14:54:30.019+03:00] screenshotBase64 end, cost: 60ms
[2026-04-15T14:54:32.070+03:00] screenshotBase64 begin
[2026-04-15T14:54:32.132+03:00] screenshotBase64 end, cost: 62ms
[2026-04-15T14:54:32.386+03:00] mouse move to 863, 529
[2026-04-15T14:54:32.397+03:00] mouse click 863, 529, left, 1
[2026-04-15T14:54:32.712+03:00] waitForNavigation begin at moment afterInvokeAction with timeout: 5000 and actionName: Tap
[2026-04-15T14:54:32.713+03:00] waitForNetworkIdle begin at moment afterInvokeAction with timeout: 2000 and concurrency: 2 and actionName: Tap
[2026-04-15T14:54:32.725+03:00] waitForNavigation end
[2026-04-15T14:54:34.726+03:00] waitForNetworkIdle end
[2026-04-15T14:54:34.727+03:00] screenshotBase64 begin
[2026-04-15T14:54:34.785+03:00] screenshotBase64 end, cost: 58ms
[2026-04-15T14:54:36.369+03:00] screenshotBase64 begin
[2026-04-15T14:54:36.432+03:00] screenshotBase64 end, cost: 63ms
[2026-04-15T14:54:38.445+03:00] screenshotBase64 begin
[2026-04-15T14:54:38.496+03:00] screenshotBase64 end, cost: 51ms
[2026-04-15T14:54:38.751+03:00] mouse move to 703, 529
[2026-04-15T14:54:38.752+03:00] mouse click 703, 529, left, 1
[2026-04-15T14:54:39.069+03:00] waitForNavigation begin at moment afterInvokeAction with timeout: 5000 and actionName: Tap
[2026-04-15T14:54:39.069+03:00] waitForNetworkIdle begin at moment afterInvokeAction with timeout: 2000 and concurrency: 2 and actionName: Tap
[2026-04-15T14:54:39.077+03:00] waitForNavigation end
[2026-04-15T14:54:41.081+03:00] waitForNetworkIdle end
[2026-04-15T14:54:41.081+03:00] screenshotBase64 begin
[2026-04-15T14:54:41.135+03:00] screenshotBase64 end, cost: 54ms
[2026-04-15T15:27:04.602+03:00] evaluate function begin
[2026-04-15T15:27:04.618+03:00] evaluate function end
[2026-04-15T15:27:04.618+03:00] screenshotBase64 begin
[2026-04-15T15:27:05.089+03:00] screenshotBase64 end, cost: 471ms
[2026-04-15T15:29:04.098+03:00] evaluate function begin
[2026-04-15T15:29:04.100+03:00] evaluate function end
[2026-04-15T15:29:04.101+03:00] screenshotBase64 begin
[2026-04-15T15:29:04.147+03:00] screenshotBase64 end, cost: 46ms
[2026-04-15T15:31:16.585+03:00] evaluate function begin
[2026-04-15T15:31:16.586+03:00] evaluate function end
[2026-04-15T15:31:16.586+03:00] screenshotBase64 begin
[2026-04-15T15:31:16.668+03:00] screenshotBase64 end, cost: 82ms
[2026-04-15T15:57:03.623+03:00] evaluate function begin
[2026-04-15T15:57:03.632+03:00] evaluate function end
[2026-04-15T15:57:03.632+03:00] screenshotBase64 begin
[2026-04-15T15:57:03.692+03:00] screenshotBase64 end, cost: 60ms
[2026-04-15T15:57:04.341+03:00] screenshotBase64 begin
[2026-04-15T15:57:04.396+03:00] screenshotBase64 end, cost: 55ms
[2026-04-15T15:57:08.364+03:00] screenshotBase64 begin
[2026-04-15T15:57:08.419+03:00] screenshotBase64 end, cost: 55ms
[2026-04-15T15:57:08.465+03:00] screenshotBase64 begin
[2026-04-15T15:57:08.529+03:00] screenshotBase64 end, cost: 64ms
[2026-04-15T15:57:11.555+03:00] screenshotBase64 begin
[2026-04-15T15:57:11.605+03:00] screenshotBase64 end, cost: 50ms
[2026-04-15T15:57:11.863+03:00] mouse move to 1061, 408
[2026-04-15T15:57:11.866+03:00] mouse click 1061, 408, left, 1
[2026-04-15T15:57:12.173+03:00] waitForNavigation begin at moment afterInvokeAction with timeout: 5000 and actionName: Tap
[2026-04-15T15:57:12.176+03:00] waitForNetworkIdle begin at moment afterInvokeAction with timeout: 2000 and concurrency: 2 and actionName: Tap
[2026-04-15T15:57:12.194+03:00] waitForNavigation end
[2026-04-15T15:57:14.185+03:00] waitForNetworkIdle end
[2026-04-15T15:57:14.186+03:00] screenshotBase64 begin
[2026-04-15T15:57:14.244+03:00] screenshotBase64 end, cost: 58ms
[2026-04-15T15:58:07.502+03:00] evaluate function begin
[2026-04-15T15:58:07.504+03:00] evaluate function end
[2026-04-15T15:58:07.504+03:00] screenshotBase64 begin
[2026-04-15T15:58:07.562+03:00] screenshotBase64 end, cost: 58ms
[2026-04-15T16:50:39.548+03:00] evaluate function begin
[2026-04-15T16:50:39.554+03:00] evaluate function end
[2026-04-15T16:50:39.555+03:00] screenshotBase64 begin
[2026-04-15T16:50:39.604+03:00] screenshotBase64 end, cost: 49ms
[2026-04-15T16:50:44.249+03:00] judged isOrderSensitive=false for description: the chat messages panel on the right side of the page
[2026-04-15T16:50:44.250+03:00] evaluate function begin
[2026-04-15T16:50:44.256+03:00] evaluate function end
[2026-04-15T16:50:44.263+03:00] screenshotBase64 begin
[2026-04-15T16:50:44.313+03:00] screenshotBase64 end, cost: 50ms
[2026-04-15T16:50:44.569+03:00] mouse move to 1100, 423
[2026-04-15T16:50:44.572+03:00] mouse wheel 0, 9999999
[2026-04-15T16:50:44.893+03:00] waitForNavigation begin at moment afterInvokeAction with timeout: 5000 and actionName: Scroll
[2026-04-15T16:50:44.895+03:00] waitForNetworkIdle begin at moment afterInvokeAction with timeout: 2000 and concurrency: 2 and actionName: Scroll
[2026-04-15T16:50:44.909+03:00] waitForNavigation end
[2026-04-15T16:50:46.897+03:00] waitForNetworkIdle end
[2026-04-15T16:50:46.897+03:00] screenshotBase64 begin
[2026-04-15T16:50:46.951+03:00] screenshotBase64 end, cost: 54ms
[2026-04-15T16:50:47.511+03:00] screenshotBase64 begin
[2026-04-15T16:50:47.567+03:00] screenshotBase64 end, cost: 56ms
[2026-04-15T16:50:51.108+03:00] screenshotBase64 begin
[2026-04-15T16:50:51.164+03:00] screenshotBase64 end, cost: 56ms
[2026-04-15T16:50:59.046+03:00] evaluate function begin
[2026-04-15T16:50:59.047+03:00] evaluate function end
[2026-04-15T16:50:59.047+03:00] screenshotBase64 begin
[2026-04-15T16:50:59.105+03:00] screenshotBase64 end, cost: 58ms
[2026-04-15T16:51:03.655+03:00] judged isOrderSensitive=true for description: the narrow rectangular text input bar at the very bottom of the right-side chat panel, below all the chat messages, where it says "Enter message here" or similar placeholder text
[2026-04-15T16:51:03.655+03:00] evaluate function begin
[2026-04-15T16:51:03.661+03:00] evaluate function end
[2026-04-15T16:51:03.665+03:00] screenshotBase64 begin
[2026-04-15T16:51:03.722+03:00] screenshotBase64 end, cost: 57ms
[2026-04-15T16:51:03.978+03:00] clearInput begin
[2026-04-15T16:51:03.978+03:00] mouse move to 939, 700
[2026-04-15T16:51:03.980+03:00] mouse click 939, 700, left, 1
[2026-04-15T16:51:04.087+03:00] keyboard press [ { key: 'Backspace' } ]
[2026-04-15T16:51:04.089+03:00] clearInput end
[2026-04-15T16:51:04.089+03:00] keyboard type Your funds of KES 2000 have NOT been received yet. Please send us your M-Pesa confirmation message or bank statement that clearly shows the M-Pesa transaction code. Example: "UDE5J13AGR Confirmed. Ksh 2,000.00 sent to SPARK FREELANCE..." Thank you!
[2026-04-15T16:51:27.496+03:00] waitForNavigation begin at moment afterInvokeAction with timeout: 5000 and actionName: Input
[2026-04-15T16:51:27.497+03:00] waitForNetworkIdle begin at moment afterInvokeAction with timeout: 2000 and concurrency: 2 and actionName: Input
[2026-04-15T16:51:27.510+03:00] waitForNavigation end
[2026-04-15T16:51:29.506+03:00] waitForNetworkIdle end
[2026-04-15T16:51:29.506+03:00] screenshotBase64 begin
[2026-04-15T16:51:29.565+03:00] screenshotBase64 end, cost: 59ms
[2026-04-15T16:51:30.112+03:00] screenshotBase64 begin
[2026-04-15T16:51:30.167+03:00] screenshotBase64 end, cost: 55ms
[2026-04-15T16:51:36.277+03:00] judged isOrderSensitive=false for description: the narrow rectangular text input bar at the very bottom of the right-side chat panel
[2026-04-15T16:51:36.277+03:00] evaluate function begin
[2026-04-15T16:51:36.284+03:00] evaluate function end
[2026-04-15T16:51:36.288+03:00] screenshotBase64 begin
[2026-04-15T16:51:36.359+03:00] screenshotBase64 end, cost: 71ms
[2026-04-15T16:51:36.602+03:00] mouse move to 1055, 730
[2026-04-15T16:51:36.603+03:00] mouse click 1055, 730, left, 1
[2026-04-15T16:51:36.607+03:00] keyboard press [ { key: 'Enter' } ]
[2026-04-15T16:51:36.911+03:00] waitForNavigation begin at moment afterInvokeAction with timeout: 5000 and actionName: KeyboardPress
[2026-04-15T16:51:36.912+03:00] waitForNetworkIdle begin at moment afterInvokeAction with timeout: 2000 and concurrency: 2 and actionName: KeyboardPress
[2026-04-15T16:51:36.917+03:00] waitForNavigation end
[2026-04-15T16:51:38.927+03:00] waitForNetworkIdle end
[2026-04-15T16:51:38.927+03:00] screenshotBase64 begin
[2026-04-15T16:51:39.018+03:00] screenshotBase64 end, cost: 91ms
[2026-04-15T16:53:21.706+03:00] evaluate function begin
[2026-04-15T16:53:21.708+03:00] evaluate function end
[2026-04-15T16:53:21.708+03:00] screenshotBase64 begin
[2026-04-15T16:53:21.784+03:00] screenshotBase64 end, cost: 76ms
[2026-04-15T16:53:21.825+03:00] rectMatchesCacheFeature: trying 1 xpath(s)
[2026-04-15T16:53:21.825+03:00] rectMatchesCacheFeature: evaluating xpath: /html/dialog[normalize-space()="🔒SparkP2P Bot Active"]
[2026-04-15T16:53:21.826+03:00] evaluate function begin
[2026-04-15T16:53:21.843+03:00] evaluate function end
[2026-04-15T16:53:21.843+03:00] rectMatchesCacheFeature: found element, rect: { left: 0, top: 0, width: 1036, height: 795, zoom: 1, isVisible: true }
[2026-04-15T16:53:22.055+03:00] mouse move to 518, 398
[2026-04-15T16:53:27.067+03:00] mouse wheel 0, 9999999
[2026-04-15T16:56:27.584+03:00] screenshotBase64 begin
[2026-04-15T16:56:27.666+03:00] screenshotBase64 end, cost: 82ms
[2026-04-15T16:56:30.654+03:00] screenshotBase64 begin
[2026-04-15T16:56:30.731+03:00] screenshotBase64 end, cost: 77ms
[2026-04-15T16:56:30.776+03:00] screenshotBase64 begin
[2026-04-15T16:56:30.841+03:00] screenshotBase64 end, cost: 65ms
[2026-04-15T16:56:34.168+03:00] judged isOrderSensitive=false for description: the photo or image thumbnail inside the chat messages on the right panel — it is a rectangular image sent by the buyer showing a phone screen or payment receipt, located in the middle of the chat conversation area (not a button, not an icon)
[2026-04-15T16:56:34.168+03:00] evaluate function begin
[2026-04-15T16:56:34.175+03:00] evaluate function end
[2026-04-15T16:56:34.180+03:00] screenshotBase64 begin
[2026-04-15T16:56:34.264+03:00] screenshotBase64 end, cost: 84ms
[2026-04-15T16:56:34.512+03:00] mouse move to 984, 418
[2026-04-15T16:56:39.519+03:00] mouse click 984, 418, left, 1
[2026-04-15T16:56:39.836+03:00] waitForNavigation begin at moment afterInvokeAction with timeout: 5000 and actionName: Tap
[2026-04-15T16:56:39.836+03:00] waitForNetworkIdle begin at moment afterInvokeAction with timeout: 2000 and concurrency: 2 and actionName: Tap
[2026-04-15T16:56:39.847+03:00] waitForNavigation end
[2026-04-15T16:56:41.851+03:00] waitForNetworkIdle end
[2026-04-15T16:56:41.851+03:00] screenshotBase64 begin
[2026-04-15T16:56:41.931+03:00] screenshotBase64 end, cost: 80ms
[2026-04-15T16:57:52.925+03:00] evaluate function begin
[2026-04-15T16:57:52.927+03:00] evaluate function end
[2026-04-15T16:57:52.927+03:00] screenshotBase64 begin
[2026-04-15T16:57:53.115+03:00] screenshotBase64 end, cost: 188ms
[2026-04-15T16:57:53.160+03:00] rectMatchesCacheFeature: trying 1 xpath(s)
[2026-04-15T16:57:53.160+03:00] rectMatchesCacheFeature: evaluating xpath: /html/dialog[1]
[2026-04-15T16:57:53.160+03:00] evaluate function begin
[2026-04-15T16:57:53.293+03:00] evaluate function end
[2026-04-15T16:57:53.294+03:00] rectMatchesCacheFeature: found element, rect: { left: 0, top: 0, width: 1036, height: 795, zoom: 1, isVisible: true }
[2026-04-15T16:57:53.497+03:00] clearInput begin
[2026-04-15T16:57:53.497+03:00] mouse move to 518, 398
[2026-04-15T16:57:58.540+03:00] mouse click 518, 398, left, 1
[2026-04-15T16:57:58.661+03:00] keyboard press [ { key: 'Backspace' } ]
[2026-04-15T16:57:58.663+03:00] clearInput end
[2026-04-15T16:57:58.663+03:00] keyboard type Reminder: Your funds of KES 2000 have not been confirmed yet. Please TYPE your M-Pesa confirmation code in this chat so I can verify and release your crypto immediately. Thank you for your patience!
